<?xml version="1.0" encoding="UTF-8"?>
<!-- Generated by org.testng.reporters.JUnitReportReporter -->
<testsuite hostname="QB-IPL-2472" failures="0" tests="1" name="Sample.SoftAssert" time="0.011" errors="0" timestamp="2023-02-23T11:13:26 IST" skipped="0">
  <testcase classname="Sample.SoftAssert" name="f" time="0.011"/>
  <system-out/>
</testsuite> <!-- Sample.SoftAssert -->
