<?xml version="1.0" encoding="UTF-8"?>
<!-- Generated by org.testng.reporters.JUnitReportReporter -->
<testsuite hostname="QB-IPL-2472" failures="0" tests="1" name="Sample.MySample" time="0.008" errors="0" timestamp="2023-02-21T12:56:31 IST" skipped="0">
  <testcase classname="Sample.MySample" name="f" time="0.008"/>
  <system-out/>
</testsuite> <!-- Sample.MySample -->
